c:\users\dario\downloads\biblioteca\biblioteca\biblioteca\x64\debug\vc143.pdb
c:\users\dario\downloads\biblioteca\biblioteca\biblioteca\x64\debug\vc143.idb
c:\users\dario\downloads\biblioteca\biblioteca\biblioteca\x64\debug\user.obj
c:\users\dario\downloads\biblioteca\biblioteca\biblioteca\x64\debug\thesis.obj
c:\users\dario\downloads\biblioteca\biblioteca\biblioteca\x64\debug\loan.obj
c:\users\dario\downloads\biblioteca\biblioteca\biblioteca\x64\debug\journal.obj
c:\users\dario\downloads\biblioteca\biblioteca\biblioteca\x64\debug\item.obj
c:\users\dario\downloads\biblioteca\biblioteca\biblioteca\x64\debug\book.obj
c:\users\dario\downloads\biblioteca\biblioteca\biblioteca\x64\debug\library.obj
c:\users\dario\downloads\biblioteca\biblioteca\biblioteca\x64\debug\exporter.obj
c:\users\dario\downloads\biblioteca\biblioteca\x64\debug\biblioteca.exe
c:\users\dario\downloads\biblioteca\biblioteca\x64\debug\biblioteca.pdb
c:\users\dario\downloads\biblioteca\biblioteca\biblioteca\x64\debug\biblioteca.res
c:\users\dario\downloads\biblioteca\biblioteca\biblioteca\x64\debug\biblioteca.ilk
c:\users\dario\downloads\biblioteca\biblioteca\biblioteca\x64\debug\biblioteca.tlog\cl.command.1.tlog
c:\users\dario\downloads\biblioteca\biblioteca\biblioteca\x64\debug\biblioteca.tlog\cl.items.tlog
c:\users\dario\downloads\biblioteca\biblioteca\biblioteca\x64\debug\biblioteca.tlog\cl.read.1.tlog
c:\users\dario\downloads\biblioteca\biblioteca\biblioteca\x64\debug\biblioteca.tlog\cl.write.1.tlog
c:\users\dario\downloads\biblioteca\biblioteca\biblioteca\x64\debug\biblioteca.tlog\link-cvtres.read.1.tlog
c:\users\dario\downloads\biblioteca\biblioteca\biblioteca\x64\debug\biblioteca.tlog\link-cvtres.write.1.tlog
c:\users\dario\downloads\biblioteca\biblioteca\biblioteca\x64\debug\biblioteca.tlog\link-rc.read.1.tlog
c:\users\dario\downloads\biblioteca\biblioteca\biblioteca\x64\debug\biblioteca.tlog\link-rc.write.1.tlog
c:\users\dario\downloads\biblioteca\biblioteca\biblioteca\x64\debug\biblioteca.tlog\link.25496-cvtres.read.1.tlog
c:\users\dario\downloads\biblioteca\biblioteca\biblioteca\x64\debug\biblioteca.tlog\link.25496-cvtres.write.1.tlog
c:\users\dario\downloads\biblioteca\biblioteca\biblioteca\x64\debug\biblioteca.tlog\link.25496-rc.read.1.tlog
c:\users\dario\downloads\biblioteca\biblioteca\biblioteca\x64\debug\biblioteca.tlog\link.25496-rc.write.1.tlog
c:\users\dario\downloads\biblioteca\biblioteca\biblioteca\x64\debug\biblioteca.tlog\link.25496.read.1.tlog
c:\users\dario\downloads\biblioteca\biblioteca\biblioteca\x64\debug\biblioteca.tlog\link.25496.read.2.tlog
c:\users\dario\downloads\biblioteca\biblioteca\biblioteca\x64\debug\biblioteca.tlog\link.25496.write.1.tlog
c:\users\dario\downloads\biblioteca\biblioteca\biblioteca\x64\debug\biblioteca.tlog\link.command.1.tlog
c:\users\dario\downloads\biblioteca\biblioteca\biblioteca\x64\debug\biblioteca.tlog\link.read.1.tlog
c:\users\dario\downloads\biblioteca\biblioteca\biblioteca\x64\debug\biblioteca.tlog\link.read.2.tlog
c:\users\dario\downloads\biblioteca\biblioteca\biblioteca\x64\debug\biblioteca.tlog\link.secondary.1.tlog
c:\users\dario\downloads\biblioteca\biblioteca\biblioteca\x64\debug\biblioteca.tlog\link.write.1.tlog
c:\users\dario\downloads\biblioteca\biblioteca\biblioteca\x64\debug\biblioteca.tlog\rc.command.1.tlog
c:\users\dario\downloads\biblioteca\biblioteca\biblioteca\x64\debug\biblioteca.tlog\rc.read.1.tlog
c:\users\dario\downloads\biblioteca\biblioteca\biblioteca\x64\debug\biblioteca.tlog\rc.write.1.tlog
